<?xml version="1.0" encoding="UTF-8"?>
<!-- Generated by org.testng.reporters.JUnitXMLReporter -->
<testsuite hostname="LAPTOP-JA4S6SI3" name="Test" tests="1" failures="0" timestamp="30 Nov 2017 08:41:40 GMT" time="46.348" errors="0">
  <testcase name="@AfterTest embedScreenshot" time="0.0" classname="com.orbit.reporting.automation.runner.RunCukesTest">
    <failure type="org.testng.TestNGException" message="
Method embedScreenshot requires 1 parameters but 0 were supplied in the @Configuration annotation.">
      <![CDATA[org.testng.TestNGException: 
Method embedScreenshot requires 1 parameters but 0 were supplied in the @Configuration annotation.
... Removed 23 stack frames]]>
    </failure>
  </testcase> <!-- @AfterTest embedScreenshot -->
  <testcase name="feature" time="42.098" classname="com.orbit.reporting.automation.runner.RunCukesTest"/>
</testsuite> <!-- Test -->
